============================= test session starts =============================
platform win32 -- Python 3.11.0, pytest-9.0.2, pluggy-1.6.0
rootdir: C:\Users\LENOVO\Desktop\teamm3\backend
plugins: anyio-4.12.1, dash-4.0.0, langsmith-0.7.1, timeout-2.4.0, typeguard-4.4.4
collected 0 items / 2 errors

=================================== ERRORS ====================================
______________________ ERROR collecting test_output.txt _______________________
..\..\..\AppData\Local\Programs\Python\Python311\Lib\pathlib.py:1059: in read_text
    return f.read()
           ^^^^^^^^
<frozen codecs>:322: in decode
    ???
E   UnicodeDecodeError: 'utf-8' codec can't decode byte 0xff in position 0: invalid start byte
____________________ ERROR collecting test_output_live.txt ____________________
..\..\..\AppData\Local\Programs\Python\Python311\Lib\pathlib.py:1059: in read_text
    return f.read()
           ^^^^^^^^
<frozen codecs>:322: in decode
    ???
E   UnicodeDecodeError: 'utf-8' codec can't decode byte 0xff in position 0: invalid start byte
=========================== short test summary info ===========================
ERROR test_output.txt - UnicodeDecodeError: 'utf-8' codec can't decode byte 0...
ERROR test_output_live.txt - UnicodeDecodeError: 'utf-8' codec can't decode b...
!!!!!!!!!!!!!!!!!!! Interrupted: 2 errors during collection !!!!!!!!!!!!!!!!!!!
============================== 2 errors in 4.91s ==============================
